namespace = ST
: = ST
Lenguaje = SNT
; = ST
Programa = SNT
-> = Flecha
A = SNT
b = ST
C = SNT
\; = FinProduccion
A = SNT
-> = Flecha
C = SNT
\( = Izquierdo
Numero = Tipo
b = ST
C = SNT
D = SNT
\) = Derecho
\? = Epsilon
D = SNT
\; = FinProduccion
C = SNT
-> = Flecha
D = SNT
\( = Izquierdo
a = ST
| = ST
s = ST
b = ST
d = ST
| = ST
D = SNT
c = ST
d = ST
| = ST
r = ST
\) = Derecho
\; = FinProduccion
D = SNT
-> = Flecha
\; = FinProduccion
￿ = ST
Programa = SNT
-> = Flecha
A = SNT
b = ST
C = SNT
\; = FinProduccion
A = SNT
-> = Flecha
C = SNT
\( = Izquierdo
Numero = Tipo
b = ST
C = SNT
D = SNT
\) = Derecho
\? = Epsilon
D = SNT
\; = FinProduccion
C = SNT
-> = Flecha
D = SNT
\( = Izquierdo
a = ST
| = ST
s = ST
b = ST
d = ST
| = ST
D = SNT
c = ST
d = ST
| = ST
r = ST
\) = Derecho
\; = FinProduccion
Error: No hay contenido en la produccion D
